<?xml version="1.0" encoding="UTF-8"?>
<robot generator="Robot 6.1a1 (Python 3.11.1 on win32)" generated="20230423 21:50:49.978" rpa="false" schemaversion="4">
<suite id="s1" name="DocumentingTestCaseFiles" source="C:\Users\estev\Robotcourse\RobotCourseFiles\DemoStoreSuperSQA\tests\misc\DocumentingTestCaseFiles.robot">
<test id="s1-t1" name="First test case" line="9">
<kw name="I am user keyword 1">
<kw name="Log To Console" library="BuiltIn">
<arg>I just ran user keyword 1</arg>
<doc>Logs the given message to the console.</doc>
<status status="PASS" starttime="20230423 21:50:50.020" endtime="20230423 21:50:50.021"/>
</kw>
<status status="PASS" starttime="20230423 21:50:50.020" endtime="20230423 21:50:50.021"/>
</kw>
<doc>This is documentation for the first test case.
This is actually on a second line.

This is a new line break</doc>
<status status="PASS" starttime="20230423 21:50:50.020" endtime="20230423 21:50:50.021"/>
</test>
<test id="s1-t2" name="Second test case" line="14">
<kw name="I am user keyword 2">
<doc>This documentation for user Keyword.
This is the 2nd line for user Keyword</doc>
<kw name="Log To Console" library="BuiltIn">
<arg>I just ran user keyword 2</arg>
<doc>Logs the given message to the console.</doc>
<status status="PASS" starttime="20230423 21:50:50.023" endtime="20230423 21:50:50.024"/>
</kw>
<status status="PASS" starttime="20230423 21:50:50.023" endtime="20230423 21:50:50.024"/>
</kw>
<status status="PASS" starttime="20230423 21:50:50.023" endtime="20230423 21:50:50.024"/>
</test>
<test id="s1-t3" name="Third test case" line="16">
<kw name="I am user keyword 3">
<kw name="Log To Console" library="BuiltIn">
<arg>I just ran user keyword 3</arg>
<doc>Logs the given message to the console.</doc>
<status status="PASS" starttime="20230423 21:50:50.026" endtime="20230423 21:50:50.026"/>
</kw>
<status status="PASS" starttime="20230423 21:50:50.026" endtime="20230423 21:50:50.026"/>
</kw>
<status status="PASS" starttime="20230423 21:50:50.025" endtime="20230423 21:50:50.027"/>
</test>
<doc>This is the documentation for DocumentingTestCaseFiles.robot.
We can also break into lines if the documentation is too long
The 3 dots (...) represent continuation.

 Also we add can a new line.</doc>
<status status="PASS" starttime="20230423 21:50:49.981" endtime="20230423 21:50:50.028"/>
</suite>
<statistics>
<total>
<stat pass="3" fail="0" skip="0">All Tests</stat>
</total>
<tag>
</tag>
<suite>
<stat pass="3" fail="0" skip="0" id="s1" name="DocumentingTestCaseFiles">DocumentingTestCaseFiles</stat>
</suite>
</statistics>
<errors>
</errors>
</robot>
